{
  "RSpec": {
    "coverage": {
      "/home/ben/dev_to/config/environment.rb": {
        "lines": [
          null,
          1,
          null,
          null,
          1
        ]
      },
      "/home/ben/dev_to/config/application.rb": {
        "lines": [
          1,
          null,
          1,
          null,
          null,
          null,
          1,
          null,
          1,
          null,
          null,
          null,
          null,
          1,
          1,
          1,
          1,
          null,
          null
        ]
      },
      "/home/ben/dev_to/config/boot.rb": {
        "lines": [
          1,
          null,
          1,
          1
        ]
      },
      "/home/ben/dev_to/config/spring.rb": {
        "lines": [
          1,
          null,
          null,
          null,
          null,
          null
        ]
      },
      "/home/ben/dev_to/config/environments/test.rb": {
        "lines": [
          1,
          null,
          null,
          null,
          null,
          null,
          null,
          1,
          null,
          null,
          1,
          1,
          null,
          null,
          null,
          null,
          1,
          null,
          null,
          1,
          1,
          null,
          null,
          null,
          null,
          1,
          1,
          1,
          null,
          null,
          1,
          null,
          null,
          1,
          null,
          null,
          1,
          null,
          null,
          null,
          null,
          null,
          null,
          null,
          null,
          null,
          1,
          null,
          null,
          1,
          null,
          null,
          1,
          null,
          null,
          null,
          null,
          null,
          null,
          null
        ]
      },
      "/home/ben/dev_to/config/initializers/application_controller_renderer.rb": {
        "lines": [
          null,
          null,
          1,
          1,
          null,
          null,
          null,
          null
        ]
      },
      "/home/ben/dev_to/config/initializers/assets.rb": {
        "lines": [
          null,
          null,
          null,
          1,
          null,
          null,
          null,
          null,
          1,
          null,
          null,
          null,
          null,
          null
        ]
      },
      "/home/ben/dev_to/config/initializers/backtrace_silencers.rb": {
        "lines": [
          null,
          null,
          null,
          null,
          null,
          null,
          null,
          1
        ]
      },
      "/home/ben/dev_to/config/initializers/bugsnag.rb": {
        "lines": [
          1,
          1,
          null
        ]
      },
      "/home/ben/dev_to/config/initializers/content_security_policy.rb": {
        "lines": [
          null,
          null,
          null,
          null,
          null,
          null,
          null,
          null,
          null,
          null,
          null,
          null,
          null,
          null,
          null,
          null,
          null,
          null,
          null,
          null,
          null,
          null,
          null,
          null,
          null,
          null,
          null,
          null,
          null,
          null
        ]
      },
      "/home/ben/dev_to/config/initializers/cookies_serializer.rb": {
        "lines": [
          null,
          null,
          null,
          null,
          1
        ]
      },
      "/home/ben/dev_to/config/initializers/devise.rb": {
        "lines": [
          null,
          null,
          null,
          null,
          null,
          null,
          null,
          null,
          null,
          null,
          1,
          null,
          null,
          null,
          null,
          null,
          null,
          null,
          null,
          null,
          null,
          null,
          null,
          null,
          null,
          null,
          1,
          null,
          null,
          null,
          null,
          null,
          null,
          null,
          null,
          null,
          null,
          null,
          1,
          null,
          null,
          null,
          null,
          null,
          null,
          null,
          null,
          null,
          null,
          null,
          null,
          null,
          null,
          null,
          null,
          null,
          null,
          null,
          null,
          null,
          1,
          null,
          null,
          null,
          null,
          1,
          null,
          null,
          null,
          null,
          null,
          null,
          null,
          null,
          null,
          null,
          null,
          null,
          null,
          null,
          null,
          null,
          null,
          null,
          null,
          null,
          null,
          null,
          null,
          null,
          null,
          null,
          null,
          null,
          null,
          null,
          null,
          null,
          null,
          1,
          null,
          null,
          null,
          null,
          null,
          null,
          null,
          null,
          null,
          null,
          null,
          null,
          null,
          null,
          null,
          null,
          null,
          null,
          null,
          null,
          null,
          null,
          null,
          null,
          null,
          1,
          null,
          null,
          null,
          null,
          null,
          null,
          null,
          null,
          null,
          null,
          null,
          null,
          null,
          null,
          null,
          null,
          null,
          null,
          null,
          null,
          null,
          null,
          null,
          null,
          null,
          null,
          null,
          null,
          null,
          null,
          null,
          null,
          null,
          1,
          null,
          null,
          null,
          null,
          null,
          null,
          null,
          null,
          null,
          1,
          null,
          null,
          null,
          null,
          null,
          null,
          null,
          null,
          null,
          null,
          1,
          null,
          null,
          null,
          null,
          1,
          null,
          null,
          null,
          null,
          null,
          null,
          null,
          null,
          null,
          null,
          null,
          null,
          null,
          null,
          null,
          null,
          null,
          null,
          null,
          null,
          null,
          null,
          null,
          null,
          null,
          null,
          null,
          null,
          null,
          null,
          null,
          null,
          null,
          null,
          null,
          null,
          null,
          null,
          null,
          null,
          1,
          null,
          null,
          null,
          null,
          null,
          null,
          null,
          null,
          null,
          null,
          null,
          null,
          null,
          null,
          null,
          null,
          null,
          null,
          null,
          null,
          null,
          null,
          null,
          null,
          null,
          null,
          null,
          null,
          null,
          null,
          null,
          null,
          null,
          null,
          null,
          null,
          null,
          null,
          null,
          null,
          null,
          1,
          null,
          null,
          null,
          null,
          null,
          null,
          null,
          null,
          null,
          null,
          null,
          null,
          null,
          null,
          null,
          null,
          null,
          null,
          null,
          null,
          null,
          null,
          null,
          null,
          null,
          null,
          null,
          null,
          null,
          null,
          null,
          null,
          null,
          null,
          null,
          null,
          null,
          null,
          null,
          null,
          null,
          null
        ]
      },
      "/home/ben/dev_to/config/initializers/filter_parameter_logging.rb": {
        "lines": [
          null,
          null,
          null,
          1,
          null,
          null
        ]
      },
      "/home/ben/dev_to/config/initializers/html_sanitinzation.rb": {
        "lines": [
          1,
          1,
          1
        ]
      },
      "/home/ben/dev_to/config/initializers/inflections.rb": {
        "lines": [
          null,
          null,
          null,
          null,
          null,
          null,
          null,
          null,
          null,
          null,
          null,
          null,
          null,
          null,
          null,
          null
        ]
      },
      "/home/ben/dev_to/config/initializers/mime_types.rb": {
        "lines": [
          null,
          null,
          null,
          null
        ]
      },
      "/home/ben/dev_to/config/initializers/pagy.rb": {
        "lines": [
          null,
          null,
          null,
          null,
          null,
          null,
          null,
          null,
          null,
          null,
          null,
          null,
          null,
          null,
          null,
          null,
          null,
          null,
          null,
          null,
          null,
          null,
          null,
          null,
          null,
          null,
          null,
          null,
          null,
          null,
          null,
          null,
          null,
          null,
          null,
          null,
          null,
          null,
          null,
          null,
          null,
          null,
          null,
          null,
          null,
          null,
          null,
          null,
          null,
          null,
          null,
          null,
          null,
          null,
          null,
          null,
          null,
          null,
          null,
          null,
          null,
          null,
          null,
          null,
          null,
          null,
          null,
          null,
          null,
          null,
          null,
          null,
          null,
          null,
          null,
          null,
          null,
          null,
          null,
          null,
          null,
          null,
          null,
          null,
          null,
          null,
          null,
          null,
          null,
          null,
          null,
          null,
          null,
          null,
          null,
          null,
          null,
          null,
          null,
          null,
          null,
          null,
          null,
          null,
          null,
          null,
          null,
          null,
          null,
          null,
          null,
          null,
          null,
          null,
          null,
          null,
          null,
          null,
          null,
          null,
          null,
          null,
          null,
          null,
          null,
          null,
          null,
          null,
          null,
          null,
          null,
          null,
          null,
          null,
          null,
          null,
          null,
          null,
          null,
          null,
          null,
          null,
          null,
          null,
          null,
          null,
          null,
          null,
          null,
          null,
          null,
          null,
          null,
          null,
          null,
          null,
          null,
          null,
          null,
          null,
          null,
          null,
          null,
          null,
          null,
          null,
          null,
          null,
          null,
          null,
          null,
          null,
          null,
          null,
          null,
          null,
          null,
          null,
          null,
          null,
          null,
          null,
          null,
          null,
          null,
          null,
          null,
          null,
          null,
          null,
          null,
          null,
          null,
          null,
          null,
          null,
          null,
          null,
          null,
          null,
          null,
          null,
          null,
          null,
          null,
          null,
          null,
          null,
          null,
          null,
          null,
          null,
          null,
          null,
          null,
          null,
          null,
          null,
          null,
          null,
          null,
          null,
          null,
          null,
          null,
          null,
          null,
          null,
          null,
          null,
          null,
          null,
          null,
          null,
          1,
          1,
          1
        ]
      },
      "/home/ben/dev_to/config/initializers/permissions_policy.rb": {
        "lines": [
          null,
          null,
          null,
          null,
          null,
          null,
          null,
          null,
          null,
          null,
          null
        ]
      },
      "/home/ben/dev_to/config/initializers/sentry.rb": {
        "lines": [
          1,
          1,
          1,
          null,
          null,
          null,
          null,
          1,
          null,
          1,
          62,
          null,
          null
        ]
      },
      "/home/ben/dev_to/config/initializers/sidekiq.rb": {
        "lines": [
          1,
          0,
          null,
          1,
          1,
          null
        ]
      },
      "/home/ben/dev_to/config/initializers/wrap_parameters.rb": {
        "lines": [
          null,
          null,
          null,
          null,
          null,
          null,
          1,
          2,
          null,
          null,
          null,
          null,
          null,
          null
        ]
      },
      "/home/ben/dev_to/app/controllers/application_controller.rb": {
        "lines": [
          1,
          1,
          1,
          null,
          1,
          null,
          1,
          62,
          null,
          30,
          null,
          null
        ]
      },
      "/home/ben/dev_to/app/helpers/application_helper.rb": {
        "lines": [
          1,
          1,
          1,
          1,
          1,
          null
        ]
      },
      "/home/ben/dev_to/app/helpers/bookmarks_helper.rb": {
        "lines": [
          1,
          1,
          1,
          null,
          0,
          null,
          null
        ]
      },
      "/home/ben/dev_to/app/helpers/categories_helper.rb": {
        "lines": [
          1,
          null
        ]
      },
      "/home/ben/dev_to/app/helpers/comments_helper.rb": {
        "lines": [
          1,
          null
        ]
      },
      "/home/ben/dev_to/app/helpers/follows_helper.rb": {
        "lines": [
          1,
          1,
          2,
          null,
          null
        ]
      },
      "/home/ben/dev_to/app/helpers/home_helper.rb": {
        "lines": [
          1,
          null
        ]
      },
      "/home/ben/dev_to/app/helpers/notifications_helper.rb": {
        "lines": [
          1,
          1,
          0,
          null,
          0,
          null,
          null,
          1,
          0,
          null,
          null,
          1,
          7,
          null,
          null
        ]
      },
      "/home/ben/dev_to/app/helpers/posts_helper.rb": {
        "lines": [
          1,
          1,
          1,
          null,
          null
        ]
      },
      "/home/ben/dev_to/app/helpers/reacts_helper.rb": {
        "lines": [
          1,
          1,
          1,
          null,
          0,
          null,
          null,
          1,
          9,
          null,
          null
        ]
      },
      "/home/ben/dev_to/app/helpers/tags_helper.rb": {
        "lines": [
          1,
          null
        ]
      },
      "/home/ben/dev_to/app/helpers/users_helper.rb": {
        "lines": [
          1,
          1,
          3,
          2,
          null,
          1,
          null,
          null,
          null
        ]
      },
      "/home/ben/dev_to/spec/factories/bookmark.rb": {
        "lines": [
          1,
          1,
          1,
          1,
          null,
          null
        ]
      },
      "/home/ben/dev_to/spec/factories/category.rb": {
        "lines": [
          1,
          1,
          6,
          null,
          null
        ]
      },
      "/home/ben/dev_to/spec/factories/comment.rb": {
        "lines": [
          1,
          1,
          1,
          null,
          1,
          null,
          1,
          1,
          null,
          null,
          1,
          1,
          null,
          27,
          1,
          null,
          null
        ]
      },
      "/home/ben/dev_to/spec/factories/follow.rb": {
        "lines": [
          1,
          1,
          1,
          1,
          null,
          null
        ]
      },
      "/home/ben/dev_to/spec/factories/notification.rb": {
        "lines": [
          1,
          1,
          1,
          1,
          2,
          2,
          2,
          null,
          null
        ]
      },
      "/home/ben/dev_to/spec/factories/post.rb": {
        "lines": [
          1,
          1,
          1,
          63,
          63,
          63,
          null,
          null
        ]
      },
      "/home/ben/dev_to/spec/factories/react.rb": {
        "lines": [
          1,
          1,
          1,
          1,
          1,
          null,
          null,
          1,
          1,
          null,
          null,
          null
        ]
      },
      "/home/ben/dev_to/spec/factories/tag.rb": {
        "lines": [
          1,
          1,
          1,
          1,
          null,
          null
        ]
      },
      "/home/ben/dev_to/spec/factories/user.rb": {
        "lines": [
          1,
          1,
          1,
          97,
          97,
          97,
          97,
          1,
          96,
          null,
          null,
          null,
          null,
          null,
          null
        ]
      },
      "/home/ben/dev_to/config/routes.rb": {
        "lines": [
          1,
          1,
          1,
          1,
          1,
          null,
          null,
          1,
          1,
          1,
          1,
          1,
          null,
          null,
          null,
          null,
          1,
          1,
          1,
          null,
          1,
          1,
          1,
          1,
          null,
          1,
          1,
          1,
          1,
          null,
          null,
          1,
          1,
          null,
          null,
          null
        ]
      },
      "/home/ben/dev_to/app/models/user.rb": {
        "lines": [
          1,
          1,
          null,
          1,
          null,
          null,
          1,
          null,
          1,
          1,
          1,
          1,
          1,
          1,
          1,
          1,
          1,
          1,
          1,
          null,
          1,
          1,
          1,
          null
        ]
      },
      "/home/ben/dev_to/app/models/application_record.rb": {
        "lines": [
          1,
          1,
          null
        ]
      },
      "/home/ben/dev_to/spec/support/controller_helpers.rb": {
        "lines": [
          1,
          1,
          0,
          0,
          0,
          null,
          0,
          0,
          null,
          null,
          null
        ]
      },
      "/home/ben/dev_to/spec/support/factory_bot.rb": {
        "lines": [
          1,
          1,
          null
        ]
      },
      "/home/ben/dev_to/spec/helpers/bookmarks_helper_spec.rb": {
        "lines": [
          1,
          null,
          null,
          null,
          null,
          null,
          null,
          null,
          null,
          null,
          null,
          null,
          1,
          1,
          null
        ]
      },
      "/home/ben/dev_to/spec/jobs/check_draft_job_spec.rb": {
        "lines": [
          1,
          null,
          1,
          1,
          1,
          1,
          2,
          null,
          null,
          null
        ]
      },
      "/home/ben/dev_to/app/jobs/check_draft_job.rb": {
        "lines": [
          1,
          1,
          null,
          1,
          0,
          0,
          0,
          0,
          0,
          0,
          null,
          null,
          null,
          null,
          null
        ]
      },
      "/home/ben/dev_to/app/jobs/application_job.rb": {
        "lines": [
          1,
          null,
          null,
          null,
          null,
          null,
          null
        ]
      },
      "/home/ben/dev_to/spec/jobs/create_notification_job_spec.rb": {
        "lines": [
          1,
          null,
          1,
          1,
          1,
          4,
          4,
          4,
          null,
          1,
          1,
          1,
          1,
          null,
          null,
          null,
          1,
          1,
          1,
          null,
          null,
          null,
          1,
          1,
          null,
          1,
          1,
          null,
          null,
          1,
          1,
          null,
          null,
          1,
          1,
          null,
          null,
          null,
          1,
          1,
          1,
          1,
          1,
          null,
          null,
          1,
          1,
          null,
          null,
          null,
          null
        ]
      },
      "/home/ben/dev_to/app/jobs/create_notification_job.rb": {
        "lines": [
          1,
          1,
          null,
          1,
          null,
          null,
          null,
          null,
          null,
          null,
          null,
          null,
          0,
          null,
          0,
          null,
          0,
          null,
          0,
          null,
          0,
          null,
          null,
          null
        ]
      },
      "/home/ben/dev_to/spec/jobs/notification_broadcast_job_spec.rb": {
        "lines": [
          1,
          null,
          1,
          1,
          1,
          1,
          1,
          1,
          1,
          2,
          null,
          null,
          null
        ]
      },
      "/home/ben/dev_to/app/jobs/notification_broadcast_job.rb": {
        "lines": [
          1,
          1,
          null,
          1,
          0,
          null,
          null,
          null,
          1,
          null,
          1,
          0,
          null,
          null,
          null,
          1,
          0,
          null,
          null,
          null
        ]
      },
      "/home/ben/dev_to/spec/models/notification_spec.rb": {
        "lines": [
          1,
          null,
          1,
          2,
          null,
          2,
          2,
          null
        ]
      },
      "/home/ben/dev_to/app/models/notification.rb": {
        "lines": [
          1,
          1,
          null,
          1,
          1,
          null,
          1,
          null,
          1,
          1,
          null,
          null
        ]
      },
      "/home/ben/dev_to/spec/models/post_spec.rb": {
        "lines": [
          1,
          null,
          1,
          2,
          null,
          2,
          null,
          1,
          2,
          2,
          null,
          null,
          2,
          null,
          2,
          2,
          2,
          2,
          2,
          2,
          2,
          null
        ]
      },
      "/home/ben/dev_to/app/models/post.rb": {
        "lines": [
          1,
          1,
          null,
          1,
          null,
          1,
          1,
          1,
          1,
          1,
          1,
          1,
          1,
          null,
          1,
          1,
          null,
          1,
          69,
          null,
          null
        ]
      },
      "/home/ben/dev_to/spec/models/user_spec.rb": {
        "lines": [
          1,
          null,
          1,
          2,
          null,
          2,
          2,
          null,
          2,
          2,
          2,
          2,
          2,
          2,
          2,
          2,
          2,
          2,
          null
        ]
      },
      "/home/ben/dev_to/spec/requests/bookmarks_spec.rb": {
        "lines": [
          1,
          null,
          1,
          1,
          1,
          2,
          null,
          null,
          1,
          1,
          1,
          1,
          null,
          null,
          null,
          1,
          1,
          1,
          1,
          1,
          1,
          null,
          null,
          null,
          null,
          1,
          1,
          2,
          2,
          null,
          null,
          1,
          1,
          1,
          1,
          null,
          null,
          null,
          1,
          1,
          1,
          2,
          null,
          null,
          null,
          null,
          1,
          1,
          2,
          2,
          null,
          null,
          1,
          1,
          1,
          1,
          null,
          null,
          null,
          1,
          1,
          1,
          1,
          2,
          null,
          null,
          null,
          null
        ]
      },
      "/home/ben/dev_to/spec/requests/categories_controller_spec.rb": {
        "lines": [
          1,
          null,
          1,
          1,
          1,
          1,
          1,
          1,
          1,
          1,
          1,
          null,
          null,
          null,
          1,
          1,
          1,
          1,
          1,
          null,
          null,
          null,
          null,
          1,
          1,
          1,
          2,
          null,
          null,
          null,
          1,
          1,
          1,
          1,
          2,
          null,
          null,
          null,
          null
        ]
      },
      "/home/ben/dev_to/spec/requests/comments_controller_spec.rb": {
        "lines": [
          1,
          null,
          1,
          0,
          0,
          null,
          null,
          1,
          1,
          1,
          1,
          4,
          4,
          null,
          null,
          1,
          1,
          2,
          null,
          null,
          1,
          1,
          1,
          null,
          null,
          null,
          1,
          1,
          1,
          1,
          1,
          null,
          null,
          null,
          1,
          1,
          1,
          1,
          null,
          null,
          null,
          null,
          1,
          1,
          1,
          1,
          1,
          1,
          1,
          null,
          null,
          1,
          1,
          1,
          1,
          1,
          1,
          1,
          null,
          null,
          null,
          null,
          null,
          1,
          1,
          1,
          2,
          2,
          null,
          null,
          1,
          1,
          1,
          2,
          null,
          null,
          null,
          1,
          1,
          1,
          1,
          1,
          1,
          null,
          null,
          null,
          null,
          null,
          null,
          1,
          1,
          2,
          2,
          null,
          null,
          1,
          1,
          1,
          1,
          1,
          null,
          null,
          null,
          1,
          1,
          1,
          1,
          1,
          1,
          null,
          null,
          null,
          null,
          null,
          1,
          1,
          1,
          2,
          2,
          null,
          null,
          1,
          1,
          1,
          1,
          1,
          1,
          null,
          null,
          null,
          1,
          1,
          1,
          1,
          1,
          1,
          1,
          null,
          null,
          null,
          null,
          1,
          1,
          2,
          2,
          null,
          null,
          1,
          1,
          1,
          1,
          1,
          1,
          null,
          null,
          1,
          1,
          1,
          1,
          1,
          null,
          null,
          null,
          null,
          null
        ]
      },
      "/home/ben/dev_to/spec/requests/follows_controller_spec.rb": {
        "lines": [
          1,
          null,
          1,
          0,
          0,
          null,
          null,
          1,
          1,
          1,
          2,
          2,
          null,
          1,
          1,
          2,
          null,
          null,
          null,
          1,
          1,
          1,
          2,
          null,
          null,
          null,
          null,
          1,
          1,
          2,
          2,
          null,
          1,
          1,
          2,
          1,
          null,
          null,
          null,
          1,
          1,
          1,
          2,
          1,
          null,
          null,
          null,
          null
        ]
      },
      "/home/ben/dev_to/spec/requests/home_controller_spec.rb": {
        "lines": [
          1,
          null,
          1,
          1,
          1,
          1,
          1,
          null,
          null,
          null
        ]
      },
      "/home/ben/dev_to/spec/requests/notifications_controller_spec.rb": {
        "lines": [
          1,
          null,
          1,
          1,
          1,
          1,
          1,
          1,
          1,
          1,
          null,
          null,
          null,
          1,
          1,
          1,
          1,
          null,
          null,
          null,
          null
        ]
      },
      "/home/ben/dev_to/spec/requests/posts_controller_spec.rb": {
        "lines": [
          1,
          null,
          1,
          0,
          0,
          null,
          null,
          1,
          1,
          1,
          1,
          2,
          2,
          null,
          2,
          2,
          null,
          1,
          3,
          2,
          2,
          null,
          null,
          null,
          1,
          1,
          1,
          1,
          null,
          1,
          1,
          1,
          1,
          null,
          null,
          1,
          1,
          2,
          null,
          null,
          1,
          1,
          1,
          1,
          null,
          null,
          null,
          1,
          1,
          1,
          1,
          null,
          null,
          null,
          null,
          1,
          1,
          1,
          1,
          1,
          1,
          1,
          1,
          null,
          null,
          null,
          1,
          1,
          1,
          1,
          1,
          1,
          null,
          null,
          null,
          null,
          1,
          1,
          1,
          1,
          1,
          1,
          1,
          null,
          null,
          null,
          1,
          1,
          1,
          2,
          2,
          null,
          null,
          1,
          1,
          1,
          1,
          1,
          1,
          null,
          null,
          null,
          1,
          1,
          1,
          1,
          1,
          1,
          null,
          null,
          null,
          null,
          1,
          1,
          1,
          1,
          1,
          1,
          null,
          null,
          null,
          null,
          1,
          1,
          1,
          2,
          2,
          null,
          null,
          1,
          2,
          null,
          null,
          1,
          1,
          1,
          null,
          null,
          null,
          1,
          1,
          1,
          1,
          null,
          1,
          1,
          1,
          2,
          null,
          null,
          null,
          null
        ]
      },
      "/home/ben/dev_to/spec/requests/reacts_controller_spec.rb": {
        "lines": [
          1,
          null,
          1,
          1,
          1,
          1,
          2,
          2,
          null,
          null,
          1,
          1,
          1,
          2,
          null,
          null,
          null,
          1,
          1,
          1,
          1,
          2,
          null,
          null,
          null,
          null,
          1,
          1,
          2,
          2,
          2,
          null,
          null,
          1,
          1,
          1,
          1,
          null,
          null,
          null,
          1,
          1,
          1,
          1,
          null,
          null,
          null,
          null,
          null,
          1,
          1,
          1,
          2,
          2,
          2,
          2,
          null,
          1,
          1,
          1,
          2,
          null,
          null,
          null,
          1,
          1,
          1,
          2,
          null,
          null,
          null,
          null,
          1,
          1,
          2,
          2,
          2,
          null,
          1,
          1,
          1,
          1,
          null,
          null,
          null,
          1,
          1,
          1,
          1,
          null,
          null,
          null,
          null,
          null
        ]
      },
      "/home/ben/dev_to/spec/requests/tags_controller_spec.rb": {
        "lines": [
          1,
          null,
          1,
          1,
          1,
          2,
          2,
          2,
          2,
          null,
          1,
          1,
          1,
          1,
          null,
          null,
          null,
          null,
          1,
          1,
          1,
          1,
          1,
          null,
          null,
          null,
          null,
          null,
          null,
          1,
          1,
          1,
          1,
          1,
          1,
          1,
          1,
          1,
          1,
          null,
          null,
          null
        ]
      },
      "/home/ben/dev_to/spec/requests/users_controller_spec.rb": {
        "lines": [
          1,
          null,
          1,
          22,
          22,
          null,
          null,
          1,
          1,
          1,
          2,
          2,
          null,
          2,
          2,
          null,
          null,
          1,
          1,
          1,
          2,
          null,
          1,
          1,
          1,
          1,
          1,
          null,
          null,
          null,
          1,
          1,
          1,
          1,
          1,
          null,
          null,
          null,
          null,
          1,
          1,
          1,
          1,
          1,
          null,
          null,
          null,
          null
        ]
      },
      "/home/ben/dev_to/app/models/comment.rb": {
        "lines": [
          1,
          1,
          1,
          null,
          1,
          1,
          null,
          1,
          null
        ]
      },
      "/home/ben/dev_to/app/models/react.rb": {
        "lines": [
          1,
          1,
          1,
          null
        ]
      },
      "/home/ben/dev_to/app/models/tag.rb": {
        "lines": [
          1,
          1,
          1,
          null
        ]
      },
      "/home/ben/dev_to/app/models/category.rb": {
        "lines": [
          1,
          1,
          1,
          null
        ]
      },
      "/home/ben/dev_to/app/models/follow.rb": {
        "lines": [
          1,
          1,
          1,
          null
        ]
      },
      "/home/ben/dev_to/app/controllers/bookmarks_controller.rb": {
        "lines": [
          1,
          1,
          1,
          1,
          1,
          null,
          null,
          null,
          null,
          1,
          1,
          1,
          null,
          1,
          1,
          null,
          null,
          null,
          1,
          1,
          1,
          null,
          1,
          1,
          null,
          null,
          null,
          1,
          null,
          1,
          2,
          null,
          null
        ]
      },
      "/home/ben/dev_to/app/models/bookmark.rb": {
        "lines": [
          1,
          1,
          1,
          null
        ]
      },
      "/home/ben/dev_to/app/controllers/categories_controller.rb": {
        "lines": [
          1,
          1,
          1,
          1,
          1,
          null,
          1,
          null,
          null,
          1,
          1,
          1,
          null,
          1,
          1,
          1,
          null,
          null,
          null
        ]
      },
      "/home/ben/dev_to/app/controllers/comments_controller.rb": {
        "lines": [
          1,
          1,
          1,
          1,
          1,
          null,
          1,
          2,
          null,
          2,
          null,
          2,
          2,
          null,
          null,
          1,
          2,
          null,
          2,
          2,
          null,
          null,
          null,
          1,
          2,
          null,
          null,
          1,
          0,
          0,
          0,
          null,
          0,
          null,
          null,
          1,
          null,
          1,
          0,
          null,
          null,
          1,
          null,
          12,
          7,
          7,
          0,
          null,
          7,
          null,
          5,
          2,
          null,
          null,
          null,
          1,
          8,
          null,
          null,
          1,
          4,
          null,
          null
        ]
      },
      "/home/ben/dev_to/app/controllers/follows_controller.rb": {
        "lines": [
          1,
          1,
          1,
          1,
          1,
          null,
          1,
          1,
          1,
          null,
          null,
          null,
          1,
          1,
          1,
          null,
          1,
          1,
          null,
          null,
          null
        ]
      },
      "/home/ben/dev_to/app/controllers/home_controller.rb": {
        "lines": [
          1,
          1,
          0,
          0,
          null,
          null,
          1,
          1,
          1,
          null,
          1,
          null,
          null,
          1,
          0,
          null,
          0,
          0,
          null,
          null,
          null,
          null,
          null,
          0,
          null,
          null,
          0,
          null,
          0,
          0,
          null,
          null,
          null,
          null,
          0,
          null,
          null,
          0,
          null,
          null,
          0,
          null,
          0,
          null,
          null
        ]
      },
      "/home/ben/dev_to/app/controllers/notifications_controller.rb": {
        "lines": [
          1,
          1,
          null,
          1,
          1,
          null,
          null,
          1,
          0,
          null,
          0,
          null,
          null,
          null,
          null,
          null,
          null,
          0,
          0,
          0,
          null,
          null,
          null,
          1,
          null,
          1,
          1,
          0,
          null,
          1,
          null,
          null,
          null
        ]
      },
      "/home/ben/dev_to/app/controllers/posts_controller.rb": {
        "lines": [
          1,
          1,
          1,
          null,
          1,
          2,
          0,
          0,
          0,
          0,
          0,
          null,
          0,
          0,
          0,
          0,
          0,
          null,
          null,
          null,
          0,
          null,
          null,
          0,
          0,
          null,
          null,
          null,
          0,
          0,
          null,
          null,
          null,
          null,
          0,
          null,
          null,
          null,
          0,
          null,
          null,
          2,
          0,
          null,
          2,
          0,
          null,
          2,
          null,
          2,
          null,
          null,
          null,
          1,
          1,
          1,
          null,
          null,
          1,
          1,
          1,
          null,
          null,
          1,
          2,
          null,
          2,
          null,
          null,
          1,
          2,
          null,
          0,
          0,
          0,
          0,
          0,
          0,
          0,
          0,
          null,
          null,
          null,
          null,
          0,
          0,
          0,
          0,
          null,
          0,
          0,
          0,
          0,
          0,
          null,
          null,
          null,
          null,
          0,
          0,
          0,
          0,
          0,
          0,
          null,
          null,
          null,
          null,
          2,
          2,
          2,
          2,
          1,
          1,
          null,
          null,
          null,
          null,
          null,
          1,
          1,
          0,
          0,
          0,
          null,
          null,
          1,
          null,
          null,
          null,
          1,
          1,
          1,
          null,
          null,
          null,
          1,
          null,
          1,
          4,
          null,
          null,
          1,
          10,
          null,
          null
        ]
      },
      "/home/ben/dev_to/app/controllers/reacts_controller.rb": {
        "lines": [
          1,
          1,
          1,
          1,
          null,
          1,
          null,
          2,
          2,
          2,
          null,
          2,
          2,
          2,
          null,
          null,
          null,
          1,
          null,
          2,
          2,
          null,
          2,
          2,
          null,
          null,
          null,
          null,
          1,
          null,
          null,
          1,
          null,
          4,
          2,
          2,
          2,
          null,
          null,
          null,
          1,
          4,
          4,
          null,
          null
        ]
      },
      "/home/ben/dev_to/app/controllers/tags_controller.rb": {
        "lines": [
          1,
          1,
          1,
          1,
          1,
          null,
          1,
          1,
          null,
          null,
          null,
          1,
          1,
          1,
          null,
          1,
          1,
          null,
          null,
          null
        ]
      },
      "/home/ben/dev_to/app/controllers/users_controller.rb": {
        "lines": [
          1,
          1,
          1,
          null,
          1,
          null,
          1,
          2,
          2,
          null,
          0,
          0,
          0,
          null,
          null,
          1,
          null,
          1,
          2,
          2,
          2,
          1,
          null,
          1,
          null,
          null,
          null,
          1,
          null,
          1,
          2,
          null,
          null,
          1,
          5,
          null,
          null
        ]
      }
    },
    "timestamp": 1676622845
  }
}
