{
  "RSpec": {
    "coverage": {
      "/home/ben/dev_to/app/helpers/application_helper.rb": {
        "lines": [
          1,
          1,
          1,
          null
        ]
      },
      "/home/ben/dev_to/app/helpers/bookmarks_helper.rb": {
        "lines": [
          1,
          null
        ]
      },
      "/home/ben/dev_to/app/helpers/categories_helper.rb": {
        "lines": [
          1,
          null
        ]
      },
      "/home/ben/dev_to/app/helpers/comments_helper.rb": {
        "lines": [
          1,
          null
        ]
      },
      "/home/ben/dev_to/app/helpers/follows_helper.rb": {
        "lines": [
          1,
          1,
          0,
          null,
          null
        ]
      },
      "/home/ben/dev_to/app/helpers/home_helper.rb": {
        "lines": [
          1,
          null
        ]
      },
      "/home/ben/dev_to/app/helpers/notifications_helper.rb": {
        "lines": [
          1,
          1,
          0,
          null,
          null,
          1,
          0,
          null,
          null
        ]
      },
      "/home/ben/dev_to/app/helpers/posts_helper.rb": {
        "lines": [
          1,
          1,
          0,
          null,
          null
        ]
      },
      "/home/ben/dev_to/app/helpers/reacts_helper.rb": {
        "lines": [
          1,
          1,
          0,
          0,
          null,
          null,
          null,
          1,
          0,
          null,
          null
        ]
      },
      "/home/ben/dev_to/app/helpers/tags_helper.rb": {
        "lines": [
          1,
          null
        ]
      },
      "/home/ben/dev_to/app/helpers/users_helper.rb": {
        "lines": [
          1,
          null,
          null,
          null,
          1,
          0,
          0,
          null,
          0,
          null,
          null,
          null
        ]
      },
      "/home/ben/dev_to/spec/support/controller_helpers.rb": {
        "lines": [
          1,
          1,
          0,
          0,
          0,
          null,
          0,
          0,
          null,
          null,
          null
        ]
      },
      "/home/ben/dev_to/spec/support/factory_bot.rb": {
        "lines": [
          1,
          1,
          null
        ]
      }
    },
    "timestamp": 1675765173
  }
}
